<?xml version="1.0" encoding="UTF-8"?>
<!-- Generated by org.testng.reporters.JUnitReportReporter -->
<testsuite hostname="RBOMMIDI-8NCS5J3" failures="0" tests="1" name="package1.Test1" time="0.008" errors="0" timestamp="2022-12-27T20:17:09 IST" skipped="0">
  <testcase classname="package1.Test1" name="Test1method" time="0.008"/>
  <system-out/>
</testsuite> <!-- package1.Test1 -->
