<?xml version="1.0" encoding="UTF-8"?>
<!-- Generated by org.testng.reporters.JUnitReportReporter -->
<testsuite hostname="RBOMMIDI-8NCS5J3" failures="0" tests="1" name="package1.ThreeTestsThree" time="0.005" errors="0" timestamp="2022-12-28T11:36:35 IST" skipped="0">
  <testcase classname="package1.ThreeTestsThree" name="ThreeTestsmethod" time="0.005"/>
  <system-out/>
</testsuite> <!-- package1.ThreeTestsThree -->
