<?xml version="1.0" encoding="UTF-8"?>
<!-- Generated by org.testng.reporters.JUnitReportReporter -->
<testsuite hostname="RBOMMIDI-8NCS5J3" failures="0" tests="1" name="package1.TwoTestTwo" time="0.007" errors="0" timestamp="2022-12-29T11:20:56 IST" skipped="0">
  <testcase classname="package1.TwoTestTwo" name="TwoTestmethod" time="0.007"/>
  <system-out/>
</testsuite> <!-- package1.TwoTestTwo -->
