<?xml version="1.0" encoding="UTF-8"?>
<!-- Generated by org.testng.reporters.JUnitReportReporter -->
<testsuite hostname="Siri_Shreyu" failures="0" tests="1" name="package1.TwoTestTwo" time="5.554" errors="0" timestamp="2024-07-02T07:23:35 IST" skipped="0">
  <testcase classname="package1.TwoTestTwo" name="TwoTestmethod" time="5.554"/>
  <system-out/>
</testsuite> <!-- package1.TwoTestTwo -->
