<?xml version="1.0" encoding="UTF-8"?>
<!-- Generated by org.testng.reporters.JUnitReportReporter -->
<testsuite hostname="RBOMMIDI-8NCS5J3" failures="0" tests="1" name="package1.TwoTestTwo" time="7.311" errors="0" timestamp="2022-12-29T12:20:12 IST" skipped="0">
  <testcase classname="package1.TwoTestTwo" name="TwoTestmethod" time="7.311"/>
  <system-out>
    <![CDATA[title:Amazon.com. Spend less. Smile more.
Page title:]]>
  </system-out>
</testsuite> <!-- package1.TwoTestTwo -->
